<?xml version="1.0" encoding="UTF-8"?>
<testsuite name="realizar_credito_libre_inversion.feature" tests="1" skipped="0" failures="0" errors="0" timestamp="2024-05-29T01:18:39" hostname="LAPTOP-SK009CP0" time="67.471">
  <properties/>
  <testcase name="Realizar credito libre inversion sobre pagina Bancolombia" classname="realizar_credito_libre_inversion.feature" time="67.471"/>
  <system-out><![CDATA[]]></system-out>
  <system-err><![CDATA[may. 28, 2024 8:18:41 P. M. org.openqa.selenium.devtools.CdpVersionFinder findNearestMatch
WARNING: Unable to find CDP implementation matching 125
may. 28, 2024 8:18:41 P. M. org.openqa.selenium.chromium.ChromiumDriver lambda$new$5
WARNING: Unable to find version of CDP to use for 125.0.6422.113. You may need to include a dependency on a specific version of the CDP using something similar to `org.seleniumhq.selenium:selenium-devtools-v86:4.16.1` where the version ("v86") matches the version of the chromium-based browser you're using and the version number of the artifact is the same as Selenium's.
]]></system-err>
</testsuite>
