<?xml version="1.0" encoding="UTF-8"?>
<testsuite name="Busqueda de pagina de la udea. Como estudiante requiero buscar la pagina oficial de udea para navegar en sitio" tests="1" skipped="0" failures="0" errors="0" timestamp="2024-05-24T16:54:01" hostname="LAPTOP-SK009CP0" time="6.703">
  <properties/>
  <testcase name="busqueda sobre el motor de google del sitio oficial" classname="Busqueda de pagina de la udea. Como estudiante requiero buscar la pagina oficial de udea para navegar en sitio" time="6.703"/>
  <system-out><![CDATA[]]></system-out>
  <system-err><![CDATA[may. 24, 2024 11:54:03 A. M. org.openqa.selenium.devtools.CdpVersionFinder findNearestMatch
WARNING: Unable to find CDP implementation matching 125
may. 24, 2024 11:54:03 A. M. org.openqa.selenium.chromium.ChromiumDriver lambda$new$5
WARNING: Unable to find version of CDP to use for 125.0.6422.113. You may need to include a dependency on a specific version of the CDP using something similar to `org.seleniumhq.selenium:selenium-devtools-v86:4.16.1` where the version ("v86") matches the version of the chromium-based browser you're using and the version number of the artifact is the same as Selenium's.
]]></system-err>
</testsuite>
